1:C 21 Dec 2018 01:47:44.115 # oO0OoO0OoO0Oo Redis is starting oO0OoO0OoO0Oo
1:C 23 Feb 2019 04:49:57.244 # oO0OoO0OoO0Oo Redis is starting oO0OoO0OoO0Oo
1:C 23 Feb 2019 04:49:57.256 # Redis version=5.0.3, bits=64, commit=00000000, modified=0, pid=1, just started
1:C 23 Feb 2019 04:49:57.261 # Configuration loaded
1:M 23 Feb 2019 04:49:57.274 * Running mode=standalone, port=6379.
1:M 23 Feb 2019 04:49:57.282 # WARNING: The TCP backlog setting of 511 cannot be enforced because /proc/sys/net/core/somaxconn is set to the lower value of 128.
1:M 23 Feb 2019 04:49:57.286 # Server initialized
1:M 23 Feb 2019 04:49:57.291 # WARNING you have Transparent Huge Pages (THP) support enabled in your kernel. This will create latency and memory usage issues with Redis. To fix this issue run the command 'echo never > /sys/kernel/mm/transparent_hugepage/enabled' as root, and add it to your /etc/rc.local in order to retain the setting after a reboot. Redis must be restarted after THP is disabled.
1:M 23 Feb 2019 04:49:57.312 * DB loaded from append only file: 0.005 seconds
1:M 23 Feb 2019 04:49:57.325 * Ready to accept connections
1:signal-handler (1550897658) Received SIGTERM scheduling shutdown...
1:M 23 Feb 2019 04:54:18.491 # User requested shutdown...
1:M 23 Feb 2019 04:54:18.502 * Calling fsync() on the AOF file.
1:M 23 Feb 2019 04:54:18.507 * Removing the pid file.
1:M 23 Feb 2019 04:54:18.509 # Redis is now ready to exit, bye bye...
1:C 23 Feb 2019 04:54:21.732 # oO0OoO0OoO0Oo Redis is starting oO0OoO0OoO0Oo
1:C 23 Feb 2019 04:54:21.735 # Redis version=5.0.3, bits=64, commit=00000000, modified=0, pid=1, just started
1:C 23 Feb 2019 04:54:21.738 # Configuration loaded
1:M 23 Feb 2019 04:54:21.744 * Running mode=standalone, port=6379.
1:M 23 Feb 2019 04:54:21.747 # WARNING: The TCP backlog setting of 511 cannot be enforced because /proc/sys/net/core/somaxconn is set to the lower value of 128.
1:M 23 Feb 2019 04:54:21.748 # Server initialized
1:M 23 Feb 2019 04:54:21.750 # WARNING you have Transparent Huge Pages (THP) support enabled in your kernel. This will create latency and memory usage issues with Redis. To fix this issue run the command 'echo never > /sys/kernel/mm/transparent_hugepage/enabled' as root, and add it to your /etc/rc.local in order to retain the setting after a reboot. Redis must be restarted after THP is disabled.
1:M 23 Feb 2019 04:54:21.752 * DB loaded from append only file: 0.000 seconds
1:M 23 Feb 2019 04:54:21.753 * Ready to accept connections
1:signal-handler (1550897687) Received SIGTERM scheduling shutdown...
1:M 23 Feb 2019 04:54:48.068 # User requested shutdown...
1:M 23 Feb 2019 04:54:48.070 * Calling fsync() on the AOF file.
1:M 23 Feb 2019 04:54:48.077 * Removing the pid file.
1:M 23 Feb 2019 04:54:48.079 # Redis is now ready to exit, bye bye...
