2020-11-07 09:45:09,513 INFO SPI service [com.alipay.sofa.jraft.JRaftServiceFactory - com.alipay.sofa.jraft.core.DefaultJRaftServiceFactory] loading.

2020-11-07 09:45:09,665 INFO SPI service [com.alipay.sofa.jraft.rpc.RaftRpcFactory - com.alipay.sofa.jraft.rpc.impl.GrpcRaftRpcFactory] loading.

2020-11-07 09:45:10,692 INFO SPI service [com.alipay.sofa.jraft.util.JRaftSignalHandler - com.alipay.sofa.jraft.NodeDescribeSignalHandler] loading.

2020-11-07 09:45:10,694 INFO SPI service [com.alipay.sofa.jraft.util.JRaftSignalHandler - com.alipay.sofa.jraft.NodeMetricsSignalHandler] loading.

2020-11-07 09:45:10,706 INFO SPI service [com.alipay.sofa.jraft.util.JRaftSignalHandler - com.alipay.sofa.jraft.ThreadPoolMetricsSignalHandler] loading.

2020-11-07 09:45:10,710 INFO SPI service [com.alipay.sofa.jraft.util.timer.RaftTimerFactory - com.alipay.sofa.jraft.util.timer.DefaultRaftTimerFactory] loading.

2020-11-07 09:45:10,716 INFO The number of active nodes increment to 1.

2020-11-07 09:45:10,965 INFO Starts FSMCaller successfully.

2020-11-07 09:45:10,991 WARN No data for snapshot reader /home/nacos/data/protocol/raft/naming_persistent_service/snapshot.

2020-11-07 09:45:11,115 INFO Node <naming_persistent_service/172.18.0.7:7848> init, term=0, lastLogId=LogId [index=0, term=0], conf=172.18.0.7:7848, oldConf=.

2020-11-07 09:45:11,120 INFO Node <naming_persistent_service/172.18.0.7:7848> start vote and grant vote self, term=0.

2020-11-07 09:45:11,169 INFO Save raft meta, path=/home/nacos/data/protocol/raft/naming_persistent_service/meta-data, term=1, votedFor=172.18.0.7:7848, cost time=37 ms

2020-11-07 09:45:11,170 INFO Node <naming_persistent_service/172.18.0.7:7848> become leader of group, term=1, conf=172.18.0.7:7848, oldConf=.

2020-11-07 09:45:11,177 INFO -Djraft.recyclers.maxCapacityPerThread: 4096.

2020-11-07 09:45:11,183 WARN RPC server is not started in RaftGroupService.

2020-11-07 09:45:11,184 INFO Start the RaftGroupService successfully.

2020-11-07 09:45:11,200 INFO onLeaderStart: term=1.

2020-11-07 09:45:12,654 INFO Node <naming_persistent_service/172.18.0.7:7848> shutdown, currTerm=1 state=STATE_LEADER.

2020-11-07 09:45:12,658 INFO Fail to find the next candidate.

2020-11-07 09:45:12,659 INFO onLeaderStop: status=Status[ESHUTDOWN<1007>: Raft node is going to quit.].

2020-11-07 09:45:12,694 INFO Save raft meta, path=/home/nacos/data/protocol/raft/naming_persistent_service/meta-data, term=1, votedFor=172.18.0.7:7848, cost time=30 ms

2020-11-07 09:45:12,695 INFO Shutting down FSMCaller...

2020-11-07 09:45:12,696 INFO onShutdown.

2020-11-07 09:45:12,698 INFO ThreadPool is terminated: JRaft-RPC-Processor, com.alipay.sofa.jraft.util.MetricThreadPoolExecutor@3ebff828[Shutting down, pool size = 0, active threads = 0, queued tasks = 0, completed tasks = 0].

2020-11-07 09:45:12,701 INFO ThreadPool is terminated: JRaft-Node-ScheduleThreadPool, com.alipay.sofa.jraft.util.MetricScheduledThreadPoolExecutor@5f3b9c57[Shutting down, pool size = 0, active threads = 0, queued tasks = 0, completed tasks = 0].

2020-11-07 09:45:12,702 INFO The number of active nodes decrement to 0.

2020-11-07 09:45:12,704 INFO ThreadPool is terminated: JRaft-Global-ElectionTimer, com.alipay.sofa.jraft.util.MetricScheduledThreadPoolExecutor@7c5df66e[Shutting down, pool size = 0, active threads = 0, queued tasks = 0, completed tasks = 0].

2020-11-07 09:45:12,705 INFO Destroy timer: RepeatedTimer{timeout=null, stopped=true, running=false, destroyed=true, invoking=false, timeoutMs=5000, name='JRaft-ElectionTimer-<naming_persistent_service/172.18.0.7:7848>'}.

2020-11-07 09:45:12,707 INFO ThreadPool is terminated: JRaft-Global-VoteTimer, com.alipay.sofa.jraft.util.MetricScheduledThreadPoolExecutor@3a5a86f4[Shutting down, pool size = 0, active threads = 0, queued tasks = 0, completed tasks = 0].

2020-11-07 09:45:12,707 INFO Destroy timer: RepeatedTimer{timeout=null, stopped=true, running=false, destroyed=true, invoking=false, timeoutMs=5000, name='JRaft-VoteTimer-<naming_persistent_service/172.18.0.7:7848>'}.

2020-11-07 09:45:12,709 INFO ThreadPool is terminated: JRaft-Global-StepDownTimer, com.alipay.sofa.jraft.util.MetricScheduledThreadPoolExecutor@5bf5637[Shutting down, pool size = 0, active threads = 0, queued tasks = 0, completed tasks = 0].

2020-11-07 09:45:12,711 INFO Destroy timer: RepeatedTimer{timeout=null, stopped=true, running=false, destroyed=true, invoking=false, timeoutMs=2500, name='JRaft-StepDownTimer-<naming_persistent_service/172.18.0.7:7848>'}.

2020-11-07 09:45:12,714 INFO ThreadPool is terminated: JRaft-Global-SnapshotTimer, com.alipay.sofa.jraft.util.MetricScheduledThreadPoolExecutor@105e6484[Shutting down, pool size = 0, active threads = 0, queued tasks = 0, completed tasks = 0].

2020-11-07 09:45:12,715 INFO Destroy timer: RepeatedTimer{timeout=null, stopped=true, running=false, destroyed=true, invoking=false, timeoutMs=1800000, name='JRaft-SnapshotTimer-<naming_persistent_service/172.18.0.7:7848>'}.

2020-11-07 09:45:12,717 INFO Node <naming_persistent_service/172.18.0.7:7848> shutdown, currTerm=1 state=STATE_SHUTTING.

2020-11-07 09:45:12,717 INFO Stop the RaftGroupService successfully.

2020-11-07 09:45:12,718 INFO Shutdown managed channel: 172.18.0.7:7848, ManagedChannelOrphanWrapper{delegate=ManagedChannelImpl{logId=4, target=172.18.0.7:7848}}.

2020-11-07 09:45:12,730 INFO Connection disconnected: /172.18.0.7:39726

2020-11-07 09:45:12,732 INFO ThreadPool is terminated: JRaft-RPC-Processor, com.alipay.sofa.jraft.util.MetricThreadPoolExecutor@2cf23c81[Shutting down, pool size = 0, active threads = 0, queued tasks = 0, completed tasks = 0].

2020-11-07 09:45:12,732 INFO ThreadPool is terminated: JRaft-RPC-Processor, com.alipay.sofa.jraft.util.MetricThreadPoolExecutor@64b6b4f2[Shutting down, pool size = 0, active threads = 0, queued tasks = 0, completed tasks = 2].

2020-11-07 09:48:44,674 INFO SPI service [com.alipay.sofa.jraft.JRaftServiceFactory - com.alipay.sofa.jraft.core.DefaultJRaftServiceFactory] loading.

2020-11-07 09:48:44,795 INFO SPI service [com.alipay.sofa.jraft.rpc.RaftRpcFactory - com.alipay.sofa.jraft.rpc.impl.GrpcRaftRpcFactory] loading.

2020-11-07 09:48:45,521 INFO SPI service [com.alipay.sofa.jraft.util.JRaftSignalHandler - com.alipay.sofa.jraft.NodeDescribeSignalHandler] loading.

2020-11-07 09:48:45,524 INFO SPI service [com.alipay.sofa.jraft.util.JRaftSignalHandler - com.alipay.sofa.jraft.NodeMetricsSignalHandler] loading.

2020-11-07 09:48:45,526 INFO SPI service [com.alipay.sofa.jraft.util.JRaftSignalHandler - com.alipay.sofa.jraft.ThreadPoolMetricsSignalHandler] loading.

2020-11-07 09:48:45,531 INFO SPI service [com.alipay.sofa.jraft.util.timer.RaftTimerFactory - com.alipay.sofa.jraft.util.timer.DefaultRaftTimerFactory] loading.

2020-11-07 09:48:45,537 INFO The number of active nodes increment to 1.

2020-11-07 09:48:45,789 INFO Starts FSMCaller successfully.

2020-11-07 09:48:45,803 WARN No data for snapshot reader /home/nacos/data/protocol/raft/naming_persistent_service/snapshot.

2020-11-07 09:48:45,803 INFO Node <naming_persistent_service/172.18.0.5:7848> target priority value has changed from: 0, to: -1.

2020-11-07 09:48:45,837 INFO Node <naming_persistent_service/172.18.0.5:7848> init, term=1, lastLogId=LogId [index=1, term=1], conf=172.18.0.7:7848, oldConf=.

2020-11-07 09:48:45,841 WARN RPC server is not started in RaftGroupService.

2020-11-07 09:48:45,842 INFO Start the RaftGroupService successfully.

2020-11-07 09:48:47,443 INFO Node <naming_persistent_service/172.18.0.5:7848> shutdown, currTerm=1 state=STATE_FOLLOWER.

2020-11-07 09:48:47,458 INFO Save raft meta, path=/home/nacos/data/protocol/raft/naming_persistent_service/meta-data, term=1, votedFor=172.18.0.7:7848, cost time=10 ms

2020-11-07 09:48:47,459 INFO Shutting down FSMCaller...

2020-11-07 09:48:47,460 INFO onShutdown.

2020-11-07 09:48:47,462 INFO ThreadPool is terminated: JRaft-RPC-Processor, com.alipay.sofa.jraft.util.MetricThreadPoolExecutor@4204541c[Shutting down, pool size = 0, active threads = 0, queued tasks = 0, completed tasks = 0].

2020-11-07 09:48:47,464 INFO ThreadPool is terminated: JRaft-Node-ScheduleThreadPool, com.alipay.sofa.jraft.util.MetricScheduledThreadPoolExecutor@60fa3495[Shutting down, pool size = 0, active threads = 0, queued tasks = 0, completed tasks = 0].

2020-11-07 09:48:47,467 INFO ThreadPool is terminated: JRaft-Global-ElectionTimer, com.alipay.sofa.jraft.util.MetricScheduledThreadPoolExecutor@64855f03[Shutting down, pool size = 0, active threads = 0, queued tasks = 0, completed tasks = 0].

2020-11-07 09:48:47,465 INFO The number of active nodes decrement to 0.

2020-11-07 09:48:47,471 INFO Destroy timer: RepeatedTimer{timeout=null, stopped=true, running=false, destroyed=true, invoking=false, timeoutMs=5000, name='JRaft-ElectionTimer-<naming_persistent_service/172.18.0.5:7848>'}.

2020-11-07 09:48:47,472 INFO ThreadPool is terminated: JRaft-Global-VoteTimer, com.alipay.sofa.jraft.util.MetricScheduledThreadPoolExecutor@3e2822[Shutting down, pool size = 0, active threads = 0, queued tasks = 0, completed tasks = 0].

2020-11-07 09:48:47,472 INFO Destroy timer: RepeatedTimer{timeout=null, stopped=true, running=false, destroyed=true, invoking=false, timeoutMs=5000, name='JRaft-VoteTimer-<naming_persistent_service/172.18.0.5:7848>'}.

2020-11-07 09:48:47,473 INFO ThreadPool is terminated: JRaft-Global-StepDownTimer, com.alipay.sofa.jraft.util.MetricScheduledThreadPoolExecutor@79e18e38[Shutting down, pool size = 0, active threads = 0, queued tasks = 0, completed tasks = 0].

2020-11-07 09:48:47,474 INFO Destroy timer: RepeatedTimer{timeout=null, stopped=true, running=false, destroyed=true, invoking=false, timeoutMs=2500, name='JRaft-StepDownTimer-<naming_persistent_service/172.18.0.5:7848>'}.

2020-11-07 09:48:47,474 INFO ThreadPool is terminated: JRaft-Global-SnapshotTimer, com.alipay.sofa.jraft.util.MetricScheduledThreadPoolExecutor@6565cb26[Shutting down, pool size = 0, active threads = 0, queued tasks = 0, completed tasks = 0].

2020-11-07 09:48:47,475 INFO Destroy timer: RepeatedTimer{timeout=null, stopped=true, running=false, destroyed=true, invoking=false, timeoutMs=1800000, name='JRaft-SnapshotTimer-<naming_persistent_service/172.18.0.5:7848>'}.

2020-11-07 09:48:47,476 INFO Node <naming_persistent_service/172.18.0.5:7848> shutdown, currTerm=1 state=STATE_SHUTTING.

2020-11-07 09:48:47,476 INFO Stop the RaftGroupService successfully.

2020-11-07 09:48:47,477 INFO Shutdown managed channel: 172.18.0.5:7848, ManagedChannelOrphanWrapper{delegate=ManagedChannelImpl{logId=4, target=172.18.0.5:7848}}.

2020-11-07 09:48:47,490 INFO Connection disconnected: /172.18.0.5:36014

2020-11-07 09:48:47,491 INFO ThreadPool is terminated: JRaft-RPC-Processor, com.alipay.sofa.jraft.util.MetricThreadPoolExecutor@4e329885[Shutting down, pool size = 0, active threads = 0, queued tasks = 0, completed tasks = 1].

2020-11-07 09:48:47,491 INFO ThreadPool is terminated: JRaft-RPC-Processor, com.alipay.sofa.jraft.util.MetricThreadPoolExecutor@1849db1a[Shutting down, pool size = 0, active threads = 0, queued tasks = 0, completed tasks = 0].

2020-11-07 09:56:13,632 INFO SPI service [com.alipay.sofa.jraft.JRaftServiceFactory - com.alipay.sofa.jraft.core.DefaultJRaftServiceFactory] loading.

2020-11-07 09:56:13,756 INFO SPI service [com.alipay.sofa.jraft.rpc.RaftRpcFactory - com.alipay.sofa.jraft.rpc.impl.GrpcRaftRpcFactory] loading.

2020-11-07 09:56:14,473 INFO SPI service [com.alipay.sofa.jraft.util.JRaftSignalHandler - com.alipay.sofa.jraft.NodeDescribeSignalHandler] loading.

2020-11-07 09:56:14,476 INFO SPI service [com.alipay.sofa.jraft.util.JRaftSignalHandler - com.alipay.sofa.jraft.NodeMetricsSignalHandler] loading.

2020-11-07 09:56:14,479 INFO SPI service [com.alipay.sofa.jraft.util.JRaftSignalHandler - com.alipay.sofa.jraft.ThreadPoolMetricsSignalHandler] loading.

2020-11-07 09:56:14,485 INFO SPI service [com.alipay.sofa.jraft.util.timer.RaftTimerFactory - com.alipay.sofa.jraft.util.timer.DefaultRaftTimerFactory] loading.

2020-11-07 09:56:14,495 INFO The number of active nodes increment to 1.

2020-11-07 09:56:14,999 INFO Starts FSMCaller successfully.

2020-11-07 09:56:15,016 WARN No data for snapshot reader /home/nacos/data/protocol/raft/naming_persistent_service/snapshot.

2020-11-07 09:56:15,044 INFO Node <naming_persistent_service/172.18.0.6:7848> init, term=0, lastLogId=LogId [index=0, term=0], conf=172.18.0.6:7848, oldConf=.

2020-11-07 09:56:15,048 INFO Node <naming_persistent_service/172.18.0.6:7848> start vote and grant vote self, term=0.

2020-11-07 09:56:15,086 INFO Save raft meta, path=/home/nacos/data/protocol/raft/naming_persistent_service/meta-data, term=1, votedFor=172.18.0.6:7848, cost time=26 ms

2020-11-07 09:56:15,087 INFO Node <naming_persistent_service/172.18.0.6:7848> become leader of group, term=1, conf=172.18.0.6:7848, oldConf=.

2020-11-07 09:56:15,092 INFO -Djraft.recyclers.maxCapacityPerThread: 4096.

2020-11-07 09:56:15,097 WARN RPC server is not started in RaftGroupService.

2020-11-07 09:56:15,097 INFO Start the RaftGroupService successfully.

2020-11-07 09:56:15,113 INFO onLeaderStart: term=1.

2020-11-07 09:56:16,199 INFO Node <naming_persistent_service/172.18.0.6:7848> shutdown, currTerm=1 state=STATE_LEADER.

2020-11-07 09:56:16,201 INFO Fail to find the next candidate.

2020-11-07 09:56:16,202 INFO onLeaderStop: status=Status[ESHUTDOWN<1007>: Raft node is going to quit.].

2020-11-07 09:56:16,217 INFO Save raft meta, path=/home/nacos/data/protocol/raft/naming_persistent_service/meta-data, term=1, votedFor=172.18.0.6:7848, cost time=12 ms

2020-11-07 09:56:16,218 INFO Shutting down FSMCaller...

2020-11-07 09:56:16,220 INFO onShutdown.

2020-11-07 09:56:16,220 INFO ThreadPool is terminated: JRaft-RPC-Processor, com.alipay.sofa.jraft.util.MetricThreadPoolExecutor@77307458[Shutting down, pool size = 0, active threads = 0, queued tasks = 0, completed tasks = 0].

2020-11-07 09:56:16,222 INFO ThreadPool is terminated: JRaft-Node-ScheduleThreadPool, com.alipay.sofa.jraft.util.MetricScheduledThreadPoolExecutor@47874b25[Shutting down, pool size = 0, active threads = 0, queued tasks = 0, completed tasks = 0].

2020-11-07 09:56:16,224 INFO The number of active nodes decrement to 0.

2020-11-07 09:56:16,225 INFO ThreadPool is terminated: JRaft-Global-ElectionTimer, com.alipay.sofa.jraft.util.MetricScheduledThreadPoolExecutor@42572b9[Shutting down, pool size = 0, active threads = 0, queued tasks = 0, completed tasks = 0].

2020-11-07 09:56:16,226 INFO Destroy timer: RepeatedTimer{timeout=null, stopped=true, running=false, destroyed=true, invoking=false, timeoutMs=5000, name='JRaft-ElectionTimer-<naming_persistent_service/172.18.0.6:7848>'}.

2020-11-07 09:56:16,229 INFO ThreadPool is terminated: JRaft-Global-VoteTimer, com.alipay.sofa.jraft.util.MetricScheduledThreadPoolExecutor@2c1d6a18[Shutting down, pool size = 0, active threads = 0, queued tasks = 0, completed tasks = 0].

2020-11-07 09:56:16,230 INFO Destroy timer: RepeatedTimer{timeout=null, stopped=true, running=false, destroyed=true, invoking=false, timeoutMs=5000, name='JRaft-VoteTimer-<naming_persistent_service/172.18.0.6:7848>'}.

2020-11-07 09:56:16,232 INFO ThreadPool is terminated: JRaft-Global-StepDownTimer, com.alipay.sofa.jraft.util.MetricScheduledThreadPoolExecutor@79792cd4[Shutting down, pool size = 0, active threads = 0, queued tasks = 0, completed tasks = 0].

2020-11-07 09:56:16,233 INFO Destroy timer: RepeatedTimer{timeout=null, stopped=true, running=false, destroyed=true, invoking=false, timeoutMs=2500, name='JRaft-StepDownTimer-<naming_persistent_service/172.18.0.6:7848>'}.

2020-11-07 09:56:16,234 INFO ThreadPool is terminated: JRaft-Global-SnapshotTimer, com.alipay.sofa.jraft.util.MetricScheduledThreadPoolExecutor@541074b0[Shutting down, pool size = 0, active threads = 0, queued tasks = 0, completed tasks = 0].

2020-11-07 09:56:16,235 INFO Destroy timer: RepeatedTimer{timeout=null, stopped=true, running=false, destroyed=true, invoking=false, timeoutMs=1800000, name='JRaft-SnapshotTimer-<naming_persistent_service/172.18.0.6:7848>'}.

2020-11-07 09:56:16,236 INFO Node <naming_persistent_service/172.18.0.6:7848> shutdown, currTerm=1 state=STATE_SHUTTING.

2020-11-07 09:56:16,236 INFO Stop the RaftGroupService successfully.

2020-11-07 09:56:16,237 INFO Shutdown managed channel: 172.18.0.6:7848, ManagedChannelOrphanWrapper{delegate=ManagedChannelImpl{logId=4, target=172.18.0.6:7848}}.

2020-11-07 09:56:16,250 INFO Connection disconnected: /172.18.0.6:36056

2020-11-07 09:56:16,252 INFO ThreadPool is terminated: JRaft-RPC-Processor, com.alipay.sofa.jraft.util.MetricThreadPoolExecutor@44bc0b79[Shutting down, pool size = 1, active threads = 0, queued tasks = 0, completed tasks = 2].

2020-11-07 09:56:16,252 INFO ThreadPool is terminated: JRaft-RPC-Processor, com.alipay.sofa.jraft.util.MetricThreadPoolExecutor@2c177f9e[Shutting down, pool size = 0, active threads = 0, queued tasks = 0, completed tasks = 0].

2020-11-07 09:59:50,425 INFO SPI service [com.alipay.sofa.jraft.JRaftServiceFactory - com.alipay.sofa.jraft.core.DefaultJRaftServiceFactory] loading.

2020-11-07 09:59:50,590 INFO SPI service [com.alipay.sofa.jraft.rpc.RaftRpcFactory - com.alipay.sofa.jraft.rpc.impl.GrpcRaftRpcFactory] loading.

2020-11-07 09:59:51,268 INFO SPI service [com.alipay.sofa.jraft.util.JRaftSignalHandler - com.alipay.sofa.jraft.NodeDescribeSignalHandler] loading.

2020-11-07 09:59:51,270 INFO SPI service [com.alipay.sofa.jraft.util.JRaftSignalHandler - com.alipay.sofa.jraft.NodeMetricsSignalHandler] loading.

2020-11-07 09:59:51,271 INFO SPI service [com.alipay.sofa.jraft.util.JRaftSignalHandler - com.alipay.sofa.jraft.ThreadPoolMetricsSignalHandler] loading.

2020-11-07 09:59:51,275 INFO SPI service [com.alipay.sofa.jraft.util.timer.RaftTimerFactory - com.alipay.sofa.jraft.util.timer.DefaultRaftTimerFactory] loading.

2020-11-07 09:59:51,280 INFO The number of active nodes increment to 1.

2020-11-07 09:59:51,667 INFO Starts FSMCaller successfully.

2020-11-07 09:59:51,684 WARN No data for snapshot reader /home/nacos/data/protocol/raft/naming_persistent_service/snapshot.

2020-11-07 09:59:51,685 INFO Node <naming_persistent_service/172.18.0.5:7848> target priority value has changed from: 0, to: -1.

2020-11-07 09:59:51,721 INFO Node <naming_persistent_service/172.18.0.5:7848> init, term=1, lastLogId=LogId [index=1, term=1], conf=172.18.0.6:7848, oldConf=.

2020-11-07 09:59:51,726 WARN RPC server is not started in RaftGroupService.

2020-11-07 09:59:51,727 INFO Start the RaftGroupService successfully.

2020-11-07 09:59:52,837 INFO Node <naming_persistent_service/172.18.0.5:7848> shutdown, currTerm=1 state=STATE_FOLLOWER.

2020-11-07 09:59:52,863 INFO Save raft meta, path=/home/nacos/data/protocol/raft/naming_persistent_service/meta-data, term=1, votedFor=172.18.0.6:7848, cost time=21 ms

2020-11-07 09:59:52,864 INFO Shutting down FSMCaller...

2020-11-07 09:59:52,866 INFO onShutdown.

2020-11-07 09:59:52,867 INFO ThreadPool is terminated: JRaft-RPC-Processor, com.alipay.sofa.jraft.util.MetricThreadPoolExecutor@32232e55[Shutting down, pool size = 0, active threads = 0, queued tasks = 0, completed tasks = 0].

2020-11-07 09:59:52,869 INFO ThreadPool is terminated: JRaft-Node-ScheduleThreadPool, com.alipay.sofa.jraft.util.MetricScheduledThreadPoolExecutor@293bb8a5[Shutting down, pool size = 0, active threads = 0, queued tasks = 0, completed tasks = 0].

2020-11-07 09:59:52,869 INFO The number of active nodes decrement to 0.

2020-11-07 09:59:52,871 INFO ThreadPool is terminated: JRaft-Global-ElectionTimer, com.alipay.sofa.jraft.util.MetricScheduledThreadPoolExecutor@60cad9c4[Shutting down, pool size = 0, active threads = 0, queued tasks = 0, completed tasks = 0].

2020-11-07 09:59:52,872 INFO Destroy timer: RepeatedTimer{timeout=null, stopped=true, running=false, destroyed=true, invoking=false, timeoutMs=5000, name='JRaft-ElectionTimer-<naming_persistent_service/172.18.0.5:7848>'}.

2020-11-07 09:59:52,873 INFO ThreadPool is terminated: JRaft-Global-VoteTimer, com.alipay.sofa.jraft.util.MetricScheduledThreadPoolExecutor@2416a51[Shutting down, pool size = 0, active threads = 0, queued tasks = 0, completed tasks = 0].

2020-11-07 09:59:52,873 INFO Destroy timer: RepeatedTimer{timeout=null, stopped=true, running=false, destroyed=true, invoking=false, timeoutMs=5000, name='JRaft-VoteTimer-<naming_persistent_service/172.18.0.5:7848>'}.

2020-11-07 09:59:52,874 INFO ThreadPool is terminated: JRaft-Global-StepDownTimer, com.alipay.sofa.jraft.util.MetricScheduledThreadPoolExecutor@6fa590ba[Shutting down, pool size = 0, active threads = 0, queued tasks = 0, completed tasks = 0].

2020-11-07 09:59:52,874 INFO Destroy timer: RepeatedTimer{timeout=null, stopped=true, running=false, destroyed=true, invoking=false, timeoutMs=2500, name='JRaft-StepDownTimer-<naming_persistent_service/172.18.0.5:7848>'}.

2020-11-07 09:59:52,875 INFO ThreadPool is terminated: JRaft-Global-SnapshotTimer, com.alipay.sofa.jraft.util.MetricScheduledThreadPoolExecutor@1295ac24[Shutting down, pool size = 0, active threads = 0, queued tasks = 0, completed tasks = 0].

2020-11-07 09:59:52,876 INFO Destroy timer: RepeatedTimer{timeout=null, stopped=true, running=false, destroyed=true, invoking=false, timeoutMs=1800000, name='JRaft-SnapshotTimer-<naming_persistent_service/172.18.0.5:7848>'}.

2020-11-07 09:59:52,876 INFO Node <naming_persistent_service/172.18.0.5:7848> shutdown, currTerm=1 state=STATE_SHUTTING.

2020-11-07 09:59:52,878 INFO Stop the RaftGroupService successfully.

2020-11-07 09:59:52,878 INFO Shutdown managed channel: 172.18.0.5:7848, ManagedChannelOrphanWrapper{delegate=ManagedChannelImpl{logId=4, target=172.18.0.5:7848}}.

2020-11-07 09:59:52,889 INFO Connection disconnected: /172.18.0.5:45522

2020-11-07 09:59:52,890 INFO ThreadPool is terminated: JRaft-RPC-Processor, com.alipay.sofa.jraft.util.MetricThreadPoolExecutor@72e34f77[Shutting down, pool size = 0, active threads = 0, queued tasks = 0, completed tasks = 0].

2020-11-07 09:59:52,890 INFO ThreadPool is terminated: JRaft-RPC-Processor, com.alipay.sofa.jraft.util.MetricThreadPoolExecutor@62796f5a[Shutting down, pool size = 0, active threads = 0, queued tasks = 0, completed tasks = 1].

2020-11-07 10:04:30,378 INFO SPI service [com.alipay.sofa.jraft.JRaftServiceFactory - com.alipay.sofa.jraft.core.DefaultJRaftServiceFactory] loading.

2020-11-07 10:04:30,616 INFO SPI service [com.alipay.sofa.jraft.rpc.RaftRpcFactory - com.alipay.sofa.jraft.rpc.impl.GrpcRaftRpcFactory] loading.

2020-11-07 10:04:32,297 INFO SPI service [com.alipay.sofa.jraft.util.JRaftSignalHandler - com.alipay.sofa.jraft.NodeDescribeSignalHandler] loading.

2020-11-07 10:04:32,306 INFO SPI service [com.alipay.sofa.jraft.util.JRaftSignalHandler - com.alipay.sofa.jraft.NodeMetricsSignalHandler] loading.

2020-11-07 10:04:32,310 INFO SPI service [com.alipay.sofa.jraft.util.JRaftSignalHandler - com.alipay.sofa.jraft.ThreadPoolMetricsSignalHandler] loading.

2020-11-07 10:04:32,328 INFO SPI service [com.alipay.sofa.jraft.util.timer.RaftTimerFactory - com.alipay.sofa.jraft.util.timer.DefaultRaftTimerFactory] loading.

2020-11-07 10:04:32,357 INFO The number of active nodes increment to 1.

2020-11-07 10:04:33,269 INFO Starts FSMCaller successfully.

2020-11-07 10:04:33,294 WARN No data for snapshot reader /home/nacos/data/protocol/raft/naming_persistent_service/snapshot.

2020-11-07 10:04:33,374 INFO Node <naming_persistent_service/a7e14387db7f:7848> init, term=0, lastLogId=LogId [index=0, term=0], conf=a7e14387db7f:7848, oldConf=.

2020-11-07 10:04:33,384 INFO Node <naming_persistent_service/a7e14387db7f:7848> start vote and grant vote self, term=0.

2020-11-07 10:04:33,479 INFO Save raft meta, path=/home/nacos/data/protocol/raft/naming_persistent_service/meta-data, term=1, votedFor=a7e14387db7f:7848, cost time=70 ms

2020-11-07 10:04:33,501 INFO Node <naming_persistent_service/a7e14387db7f:7848> become leader of group, term=1, conf=a7e14387db7f:7848, oldConf=.

2020-11-07 10:04:33,524 INFO -Djraft.recyclers.maxCapacityPerThread: 4096.

2020-11-07 10:04:33,536 WARN RPC server is not started in RaftGroupService.

2020-11-07 10:04:33,552 INFO Start the RaftGroupService successfully.

2020-11-07 10:04:33,616 INFO onLeaderStart: term=1.

2020-11-07 10:04:35,034 ERROR Fail to connect a7e14387db7f:7848, remoting exception: java.util.concurrent.ExecutionException: io.grpc.StatusRuntimeException: DEADLINE_EXCEEDED: deadline exceeded after 813952500ns. [buffered_nanos=846807300, waiting_for_connection].

2020-11-07 10:04:35,038 ERROR Fail to connect peer a7e14387db7f:7848 to get leader for group naming_persistent_service.

2020-11-07 10:04:36,574 INFO Node <naming_persistent_service/a7e14387db7f:7848> shutdown, currTerm=1 state=STATE_LEADER.

2020-11-07 10:04:36,578 INFO Fail to find the next candidate.

2020-11-07 10:04:36,578 INFO onLeaderStop: status=Status[ESHUTDOWN<1007>: Raft node is going to quit.].

2020-11-07 10:04:36,590 INFO Save raft meta, path=/home/nacos/data/protocol/raft/naming_persistent_service/meta-data, term=1, votedFor=a7e14387db7f:7848, cost time=8 ms

2020-11-07 10:04:36,591 INFO Shutting down FSMCaller...

2020-11-07 10:04:36,594 INFO onShutdown.

2020-11-07 10:04:36,599 INFO ThreadPool is terminated: JRaft-RPC-Processor, com.alipay.sofa.jraft.util.MetricThreadPoolExecutor@192f2f27[Shutting down, pool size = 0, active threads = 0, queued tasks = 0, completed tasks = 0].

2020-11-07 10:04:36,604 INFO ThreadPool is terminated: JRaft-Node-ScheduleThreadPool, com.alipay.sofa.jraft.util.MetricScheduledThreadPoolExecutor@6b5176f2[Shutting down, pool size = 0, active threads = 0, queued tasks = 0, completed tasks = 0].

2020-11-07 10:04:36,607 INFO ThreadPool is terminated: JRaft-Global-ElectionTimer, com.alipay.sofa.jraft.util.MetricScheduledThreadPoolExecutor@7bb1ee8d[Shutting down, pool size = 0, active threads = 0, queued tasks = 0, completed tasks = 0].

2020-11-07 10:04:36,606 INFO The number of active nodes decrement to 0.

2020-11-07 10:04:36,609 INFO Destroy timer: RepeatedTimer{timeout=null, stopped=true, running=false, destroyed=true, invoking=false, timeoutMs=5000, name='JRaft-ElectionTimer-<naming_persistent_service/a7e14387db7f:7848>'}.

2020-11-07 10:04:36,610 INFO ThreadPool is terminated: JRaft-Global-VoteTimer, com.alipay.sofa.jraft.util.MetricScheduledThreadPoolExecutor@7cb8f4af[Shutting down, pool size = 0, active threads = 0, queued tasks = 0, completed tasks = 0].

2020-11-07 10:04:36,611 INFO Destroy timer: RepeatedTimer{timeout=null, stopped=true, running=false, destroyed=true, invoking=false, timeoutMs=5000, name='JRaft-VoteTimer-<naming_persistent_service/a7e14387db7f:7848>'}.

2020-11-07 10:04:36,613 INFO ThreadPool is terminated: JRaft-Global-StepDownTimer, com.alipay.sofa.jraft.util.MetricScheduledThreadPoolExecutor@3e50c184[Shutting down, pool size = 0, active threads = 0, queued tasks = 0, completed tasks = 1].

2020-11-07 10:04:36,616 INFO Destroy timer: RepeatedTimer{timeout=null, stopped=true, running=false, destroyed=true, invoking=false, timeoutMs=2500, name='JRaft-StepDownTimer-<naming_persistent_service/a7e14387db7f:7848>'}.

2020-11-07 10:04:36,618 INFO ThreadPool is terminated: JRaft-Global-SnapshotTimer, com.alipay.sofa.jraft.util.MetricScheduledThreadPoolExecutor@252ad314[Shutting down, pool size = 0, active threads = 0, queued tasks = 0, completed tasks = 0].

2020-11-07 10:04:36,618 INFO Destroy timer: RepeatedTimer{timeout=null, stopped=true, running=false, destroyed=true, invoking=false, timeoutMs=1800000, name='JRaft-SnapshotTimer-<naming_persistent_service/a7e14387db7f:7848>'}.

2020-11-07 10:04:36,620 INFO Node <naming_persistent_service/a7e14387db7f:7848> shutdown, currTerm=1 state=STATE_SHUTTING.

2020-11-07 10:04:36,620 INFO Stop the RaftGroupService successfully.

2020-11-07 10:04:36,621 INFO Shutdown managed channel: a7e14387db7f:7848, ManagedChannelOrphanWrapper{delegate=ManagedChannelImpl{logId=4, target=a7e14387db7f:7848}}.

2020-11-07 10:04:36,643 INFO ThreadPool is terminated: JRaft-RPC-Processor, com.alipay.sofa.jraft.util.MetricThreadPoolExecutor@2fab4aff[Shutting down, pool size = 0, active threads = 0, queued tasks = 0, completed tasks = 0].

2020-11-07 10:04:36,643 INFO ThreadPool is terminated: JRaft-RPC-Processor, com.alipay.sofa.jraft.util.MetricThreadPoolExecutor@ec0c838[Shutting down, pool size = 0, active threads = 0, queued tasks = 0, completed tasks = 0].

2020-11-07 10:12:17,329 INFO SPI service [com.alipay.sofa.jraft.JRaftServiceFactory - com.alipay.sofa.jraft.core.DefaultJRaftServiceFactory] loading.

2020-11-07 10:12:17,454 INFO SPI service [com.alipay.sofa.jraft.rpc.RaftRpcFactory - com.alipay.sofa.jraft.rpc.impl.GrpcRaftRpcFactory] loading.

2020-11-07 10:12:18,096 INFO SPI service [com.alipay.sofa.jraft.util.JRaftSignalHandler - com.alipay.sofa.jraft.NodeDescribeSignalHandler] loading.

2020-11-07 10:12:18,098 INFO SPI service [com.alipay.sofa.jraft.util.JRaftSignalHandler - com.alipay.sofa.jraft.NodeMetricsSignalHandler] loading.

2020-11-07 10:12:18,100 INFO SPI service [com.alipay.sofa.jraft.util.JRaftSignalHandler - com.alipay.sofa.jraft.ThreadPoolMetricsSignalHandler] loading.

2020-11-07 10:12:18,104 INFO SPI service [com.alipay.sofa.jraft.util.timer.RaftTimerFactory - com.alipay.sofa.jraft.util.timer.DefaultRaftTimerFactory] loading.

2020-11-07 10:12:18,108 INFO The number of active nodes increment to 1.

2020-11-07 10:12:18,298 INFO Starts FSMCaller successfully.

2020-11-07 10:12:18,310 WARN No data for snapshot reader /home/nacos/data/protocol/raft/naming_persistent_service/snapshot.

2020-11-07 10:12:18,311 INFO Node <naming_persistent_service/a7e14387db7f:7848> target priority value has changed from: 0, to: -1.

2020-11-07 10:12:18,523 INFO Node <naming_persistent_service/a7e14387db7f:7848> init, term=1, lastLogId=LogId [index=1, term=1], conf=a7e14387db7f:7848, oldConf=.

2020-11-07 10:12:18,527 INFO Node <naming_persistent_service/a7e14387db7f:7848> start vote and grant vote self, term=1.

2020-11-07 10:12:18,572 INFO Save raft meta, path=/home/nacos/data/protocol/raft/naming_persistent_service/meta-data, term=2, votedFor=a7e14387db7f:7848, cost time=32 ms

2020-11-07 10:12:18,574 INFO Node <naming_persistent_service/a7e14387db7f:7848> become leader of group, term=2, conf=a7e14387db7f:7848, oldConf=.

2020-11-07 10:12:18,577 INFO -Djraft.recyclers.maxCapacityPerThread: 4096.

2020-11-07 10:12:18,581 WARN RPC server is not started in RaftGroupService.

2020-11-07 10:12:18,581 INFO Start the RaftGroupService successfully.

2020-11-07 10:12:18,594 INFO onLeaderStart: term=2.

