2020-11-07 09:45:03,305 ERROR [master-db] master db not found.

2020-11-07 09:45:08,329 ERROR [db-error] master db  down.

2020-11-07 09:45:12,637 WARN isQuickStart:false

2020-11-07 09:45:12,646 ERROR Nacos Server did not start because dumpservice bean construction failure :
java.lang.IllegalStateException: No DataSource set

2020-11-07 09:45:23,377 ERROR [master-db] master db not found.

2020-11-07 09:45:28,350 ERROR [db-error] master db  down.

2020-11-07 09:48:38,643 ERROR [master-db] master db not found.

2020-11-07 09:48:43,709 ERROR [db-error] master db  down.

2020-11-07 09:48:47,424 WARN isQuickStart:false

2020-11-07 09:48:47,435 ERROR Nacos Server did not start because dumpservice bean construction failure :
java.lang.IllegalStateException: No DataSource set

2020-11-07 09:48:58,773 ERROR [master-db] master db not found.

2020-11-07 09:49:03,734 ERROR [db-error] master db  down.

2020-11-07 09:56:12,723 ERROR [master-db] master db not found.

2020-11-07 09:56:12,924 ERROR [db-error] master db  down.

2020-11-07 09:56:16,185 WARN isQuickStart:false

2020-11-07 09:56:16,191 ERROR Nacos Server did not start because dumpservice bean construction failure :
java.lang.IllegalStateException: No DataSource set

2020-11-07 09:56:22,945 ERROR [db-error] master db  down.

2020-11-07 09:56:22,960 ERROR [master-db] master db not found.

2020-11-07 09:59:49,687 ERROR [master-db] master db not found.

2020-11-07 09:59:49,711 ERROR [db-error] master db  down.

2020-11-07 09:59:52,821 WARN isQuickStart:false

2020-11-07 09:59:52,828 ERROR Nacos Server did not start because dumpservice bean construction failure :
java.lang.IllegalStateException: No DataSource set

2020-11-07 09:59:59,724 ERROR [db-error] master db  down.

2020-11-07 09:59:59,737 ERROR [master-db] master db not found.

2020-11-07 10:04:29,439 ERROR [master-db] master db not found.

2020-11-07 10:04:29,469 ERROR [db-error] master db  down.

2020-11-07 10:04:36,549 WARN isQuickStart:false

2020-11-07 10:04:36,558 ERROR Nacos Server did not start because dumpservice bean construction failure :
java.lang.IllegalStateException: No DataSource set

2020-11-07 10:04:39,489 ERROR [db-error] master db  down.

2020-11-07 10:04:39,506 ERROR [master-db] master db not found.

2020-11-07 10:04:49,494 ERROR [db-error] master db  down.

2020-11-07 10:04:49,526 ERROR [master-db] master db not found.

2020-11-07 10:12:16,581 WARN [master-db] jdbc:mysql://dnmp-mysql:3306/nacos?characterEncoding=utf8&connectTimeout=1000&socketTimeout=3000&autoReconnect=true

2020-11-07 10:12:19,608 WARN isQuickStart:false

2020-11-07 10:24:47,025 ERROR [db-error] master db  down.

2020-11-07 10:24:47,131 ERROR [master-db] master db not found.

