2020-11-07 09:45:09,259 INFO GlobalConfig{taskDispatchPeriod=200, batchSyncKeyCount=1000, syncRetryDelay=5000, dataWarmup=true, expireInstance=true, loadDataRetryDelayMillis=30000}

2020-11-07 09:45:12,321 INFO open empty service auto clean job, initialDelay : 50000 ms, period : 30000 ms

2020-11-07 09:45:12,323 INFO listen for service meta change

2020-11-07 09:48:44,488 INFO GlobalConfig{taskDispatchPeriod=200, batchSyncKeyCount=1000, syncRetryDelay=5000, dataWarmup=true, expireInstance=true, loadDataRetryDelayMillis=30000}

2020-11-07 09:48:47,216 INFO open empty service auto clean job, initialDelay : 50000 ms, period : 30000 ms

2020-11-07 09:48:47,218 INFO listen for service meta change

2020-11-07 09:56:13,418 INFO GlobalConfig{taskDispatchPeriod=200, batchSyncKeyCount=1000, syncRetryDelay=5000, dataWarmup=true, expireInstance=true, loadDataRetryDelayMillis=30000}

2020-11-07 09:56:15,140 INFO [NACOS-DISTRO] healthy server list changed, old: [172.18.0.6:8848], new: [172.18.0.6:8848]

2020-11-07 09:56:15,979 INFO open empty service auto clean job, initialDelay : 50000 ms, period : 30000 ms

2020-11-07 09:56:15,980 INFO listen for service meta change

2020-11-07 09:59:50,214 INFO GlobalConfig{taskDispatchPeriod=200, batchSyncKeyCount=1000, syncRetryDelay=5000, dataWarmup=true, expireInstance=true, loadDataRetryDelayMillis=30000}

2020-11-07 09:59:52,638 INFO open empty service auto clean job, initialDelay : 50000 ms, period : 30000 ms

2020-11-07 09:59:52,640 INFO listen for service meta change

2020-11-07 10:04:30,107 INFO GlobalConfig{taskDispatchPeriod=200, batchSyncKeyCount=1000, syncRetryDelay=5000, dataWarmup=true, expireInstance=true, loadDataRetryDelayMillis=30000}

2020-11-07 10:04:33,751 INFO [NACOS-DISTRO] healthy server list changed, old: [a7e14387db7f:8848], new: [a7e14387db7f:8848]

2020-11-07 10:04:36,165 INFO open empty service auto clean job, initialDelay : 50000 ms, period : 30000 ms

2020-11-07 10:04:36,167 INFO listen for service meta change

2020-11-07 10:12:17,058 INFO GlobalConfig{taskDispatchPeriod=200, batchSyncKeyCount=1000, syncRetryDelay=5000, dataWarmup=true, expireInstance=true, loadDataRetryDelayMillis=30000}

2020-11-07 10:12:18,612 INFO [NACOS-DISTRO] healthy server list changed, old: [a7e14387db7f:8848], new: [a7e14387db7f:8848]

2020-11-07 10:12:19,442 INFO open empty service auto clean job, initialDelay : 50000 ms, period : 30000 ms

2020-11-07 10:12:19,444 INFO listen for service meta change

