2020-11-07 09:45:09,238 INFO raft peers changed: [Member{ip='172.18.0.7', port=8848, state=UP, extendInfo={adWeight=0, raftPort=7848, site=unknow, version=1.4.0, weight=1}}]

2020-11-07 09:45:09,297 INFO initializing Raft sub-system

2020-11-07 09:45:09,298 INFO finish loading all datums, size: 0 cost 0 ms.

2020-11-07 09:45:09,300 INFO cache loaded, datum count: 0, current term: 0

2020-11-07 09:45:09,300 INFO finish to load data from disk, cost: 3 ms.

2020-11-07 09:45:09,306 INFO timer started: leader timeout ms: 15000, heart-beat timeout ms: 5000

2020-11-07 09:45:12,299 INFO add listener: com.alibaba.nacos.naming.domains.meta.00-00---000-NACOS_SWITCH_DOMAIN-000---00-00

2020-11-07 09:45:12,323 INFO add listener: com.alibaba.nacos.naming.domains.meta.

2020-11-07 09:45:14,218 WARN start to close old raft protocol!!!

2020-11-07 09:45:14,218 WARN stop old raft protocol task for notifier

2020-11-07 09:45:14,219 WARN stop old raft protocol task for master task

2020-11-07 09:45:14,219 WARN stop old raft protocol task for heartbeat task

2020-11-07 09:45:14,219 WARN clean old cache datum for old raft

2020-11-07 09:45:14,219 WARN start to close old raft protocol!!!

2020-11-07 09:45:14,219 WARN stop old raft protocol task for notifier

2020-11-07 09:45:14,219 WARN stop old raft protocol task for master task

2020-11-07 09:45:14,219 WARN stop old raft protocol task for heartbeat task

2020-11-07 09:45:14,219 WARN clean old cache datum for old raft

2020-11-07 09:48:44,471 INFO raft peers changed: [Member{ip='172.18.0.5', port=8848, state=UP, extendInfo={adWeight=0, raftPort=7848, site=unknow, version=1.4.0, weight=1}}]

2020-11-07 09:48:44,514 INFO initializing Raft sub-system

2020-11-07 09:48:44,515 INFO finish loading all datums, size: 0 cost 0 ms.

2020-11-07 09:48:44,518 INFO cache loaded, datum count: 0, current term: 0

2020-11-07 09:48:44,518 INFO finish to load data from disk, cost: 3 ms.

2020-11-07 09:48:44,523 INFO timer started: leader timeout ms: 15000, heart-beat timeout ms: 5000

2020-11-07 09:48:47,191 INFO add listener: com.alibaba.nacos.naming.domains.meta.00-00---000-NACOS_SWITCH_DOMAIN-000---00-00

2020-11-07 09:48:47,218 INFO add listener: com.alibaba.nacos.naming.domains.meta.

2020-11-07 09:48:49,452 WARN start to close old raft protocol!!!

2020-11-07 09:48:49,452 WARN stop old raft protocol task for notifier

2020-11-07 09:48:49,452 WARN stop old raft protocol task for master task

2020-11-07 09:48:49,452 WARN stop old raft protocol task for heartbeat task

2020-11-07 09:48:49,452 WARN clean old cache datum for old raft

2020-11-07 09:48:49,452 WARN start to close old raft protocol!!!

2020-11-07 09:48:49,452 WARN stop old raft protocol task for notifier

2020-11-07 09:48:49,452 WARN stop old raft protocol task for master task

2020-11-07 09:48:49,452 WARN stop old raft protocol task for heartbeat task

2020-11-07 09:48:49,452 WARN clean old cache datum for old raft

2020-11-07 09:56:13,400 INFO raft peers changed: [Member{ip='172.18.0.6', port=8848, state=UP, extendInfo={adWeight=0, raftPort=7848, site=unknow, weight=1}}]

2020-11-07 09:56:13,453 INFO initializing Raft sub-system

2020-11-07 09:56:13,453 INFO finish loading all datums, size: 0 cost 0 ms.

2020-11-07 09:56:13,458 INFO cache loaded, datum count: 0, current term: 0

2020-11-07 09:56:13,459 INFO finish to load data from disk, cost: 6 ms.

2020-11-07 09:56:13,475 INFO timer started: leader timeout ms: 15000, heart-beat timeout ms: 5000

2020-11-07 09:56:15,140 INFO raft peers changed: [Member{ip='172.18.0.6', port=8848, state=UP, extendInfo={adWeight=0, lastRefreshTime=1604714175136, raftMetaData=com.alibaba.nacos.consistency.ProtocolMetaData@2b76758b, raftPort=7848, site=unknow, version=1.4.0, weight=1}}]

2020-11-07 09:56:15,956 INFO add listener: com.alibaba.nacos.naming.domains.meta.00-00---000-NACOS_SWITCH_DOMAIN-000---00-00

2020-11-07 09:56:15,980 INFO add listener: com.alibaba.nacos.naming.domains.meta.

2020-11-07 09:56:18,375 WARN start to close old raft protocol!!!

2020-11-07 09:56:18,375 WARN stop old raft protocol task for notifier

2020-11-07 09:56:18,375 WARN stop old raft protocol task for master task

2020-11-07 09:56:18,375 WARN stop old raft protocol task for heartbeat task

2020-11-07 09:56:18,375 WARN clean old cache datum for old raft

2020-11-07 09:56:18,375 WARN start to close old raft protocol!!!

2020-11-07 09:56:18,375 WARN stop old raft protocol task for notifier

2020-11-07 09:56:18,375 WARN stop old raft protocol task for master task

2020-11-07 09:56:18,375 WARN stop old raft protocol task for heartbeat task

2020-11-07 09:56:18,375 WARN clean old cache datum for old raft

2020-11-07 09:59:50,198 INFO raft peers changed: [Member{ip='172.18.0.5', port=8848, state=UP, extendInfo={adWeight=0, raftPort=7848, site=unknow, weight=1}}]

2020-11-07 09:59:50,250 INFO initializing Raft sub-system

2020-11-07 09:59:50,250 INFO finish loading all datums, size: 0 cost 0 ms.

2020-11-07 09:59:50,254 INFO cache loaded, datum count: 0, current term: 0

2020-11-07 09:59:50,254 INFO finish to load data from disk, cost: 4 ms.

2020-11-07 09:59:50,266 INFO timer started: leader timeout ms: 15000, heart-beat timeout ms: 5000

2020-11-07 09:59:52,320 INFO leader timeout, start voting,leader: {"ip":"172.18.0.5:8848","term":0,"leaderDueMs":15091,"heartbeatDueMs":4500,"state":"FOLLOWER"}, term: 0

2020-11-07 09:59:52,610 INFO add listener: com.alibaba.nacos.naming.domains.meta.00-00---000-NACOS_SWITCH_DOMAIN-000---00-00

2020-11-07 09:59:52,640 INFO add listener: com.alibaba.nacos.naming.domains.meta.

2020-11-07 09:59:55,167 WARN start to close old raft protocol!!!

2020-11-07 09:59:55,167 WARN stop old raft protocol task for notifier

2020-11-07 09:59:55,167 WARN stop old raft protocol task for master task

2020-11-07 09:59:55,167 WARN stop old raft protocol task for heartbeat task

2020-11-07 09:59:55,167 WARN clean old cache datum for old raft

2020-11-07 09:59:55,167 WARN start to close old raft protocol!!!

2020-11-07 09:59:55,167 WARN stop old raft protocol task for notifier

2020-11-07 09:59:55,167 WARN stop old raft protocol task for master task

2020-11-07 09:59:55,167 WARN stop old raft protocol task for heartbeat task

2020-11-07 09:59:55,167 WARN clean old cache datum for old raft

2020-11-07 10:04:30,089 INFO raft peers changed: [Member{ip='a7e14387db7f', port=8848, state=UP, extendInfo={adWeight=0, raftPort=7848, site=unknow, weight=1}}]

2020-11-07 10:04:30,136 INFO initializing Raft sub-system

2020-11-07 10:04:30,137 INFO finish loading all datums, size: 0 cost 1 ms.

2020-11-07 10:04:30,140 INFO cache loaded, datum count: 0, current term: 0

2020-11-07 10:04:30,140 INFO finish to load data from disk, cost: 4 ms.

2020-11-07 10:04:30,149 INFO timer started: leader timeout ms: 15000, heart-beat timeout ms: 5000

2020-11-07 10:04:33,750 INFO raft peers changed: [Member{ip='a7e14387db7f', port=8848, state=UP, extendInfo={adWeight=0, lastRefreshTime=1604714673749, raftMetaData=com.alibaba.nacos.consistency.ProtocolMetaData@e212739, raftPort=7848, site=unknow, version=1.4.0, weight=1}}]

2020-11-07 10:04:35,066 WARN start to close old raft protocol!!!

2020-11-07 10:04:35,066 WARN stop old raft protocol task for notifier

2020-11-07 10:04:35,066 WARN stop old raft protocol task for master task

2020-11-07 10:04:35,066 WARN stop old raft protocol task for heartbeat task

2020-11-07 10:04:35,066 WARN clean old cache datum for old raft

2020-11-07 10:04:35,067 WARN start to close old raft protocol!!!

2020-11-07 10:04:35,067 WARN stop old raft protocol task for notifier

2020-11-07 10:04:35,067 WARN stop old raft protocol task for master task

2020-11-07 10:04:35,067 WARN stop old raft protocol task for heartbeat task

2020-11-07 10:04:35,067 WARN clean old cache datum for old raft

2020-11-07 10:04:35,845 INFO add listener: com.alibaba.nacos.naming.domains.meta.00-00---000-NACOS_SWITCH_DOMAIN-000---00-00

2020-11-07 10:04:36,167 INFO add listener: com.alibaba.nacos.naming.domains.meta.

2020-11-07 10:12:17,041 INFO raft peers changed: [Member{ip='a7e14387db7f', port=8848, state=UP, extendInfo={adWeight=0, raftPort=7848, site=unknow, weight=1}}]

2020-11-07 10:12:17,098 INFO initializing Raft sub-system

2020-11-07 10:12:17,098 INFO finish loading all datums, size: 0 cost 0 ms.

2020-11-07 10:12:17,105 INFO cache loaded, datum count: 0, current term: 0

2020-11-07 10:12:17,107 INFO finish to load data from disk, cost: 9 ms.

2020-11-07 10:12:17,140 INFO timer started: leader timeout ms: 15000, heart-beat timeout ms: 5000

2020-11-07 10:12:18,612 INFO raft peers changed: [Member{ip='a7e14387db7f', port=8848, state=UP, extendInfo={adWeight=0, lastRefreshTime=1604715138608, raftMetaData=com.alibaba.nacos.consistency.ProtocolMetaData@6e3cc493, raftPort=7848, site=unknow, version=1.4.0, weight=1}}]

2020-11-07 10:12:19,421 INFO add listener: com.alibaba.nacos.naming.domains.meta.00-00---000-NACOS_SWITCH_DOMAIN-000---00-00

2020-11-07 10:12:19,444 INFO add listener: com.alibaba.nacos.naming.domains.meta.

2020-11-07 10:12:22,017 WARN start to close old raft protocol!!!

2020-11-07 10:12:22,017 WARN stop old raft protocol task for notifier

2020-11-07 10:12:22,018 WARN stop old raft protocol task for master task

2020-11-07 10:12:22,018 WARN stop old raft protocol task for heartbeat task

2020-11-07 10:12:22,018 WARN clean old cache datum for old raft

2020-11-07 10:12:22,018 WARN start to close old raft protocol!!!

2020-11-07 10:12:22,018 WARN stop old raft protocol task for notifier

2020-11-07 10:12:22,018 WARN stop old raft protocol task for master task

2020-11-07 10:12:22,018 WARN stop old raft protocol task for heartbeat task

2020-11-07 10:12:22,018 WARN clean old cache datum for old raft

2020-11-07 10:12:22,019 WARN start to move old raft protocol metadata

