2020-11-07 09:45:11,257 INFO [DISTRO-INIT] waiting server list init...

2020-11-07 09:45:12,259 INFO [DISTRO-INIT] waiting server list init...

2020-11-07 09:45:13,260 INFO [DISTRO-INIT] waiting server list init...

2020-11-07 09:45:14,261 INFO [DISTRO-INIT] waiting server list init...

2020-11-07 09:45:15,262 INFO [DISTRO-INIT] waiting server list init...

2020-11-07 09:45:16,263 INFO [DISTRO-INIT] waiting server list init...

2020-11-07 09:45:17,265 INFO [DISTRO-INIT] waiting server list init...

2020-11-07 09:45:18,266 INFO [DISTRO-INIT] waiting server list init...

2020-11-07 09:45:19,268 INFO [DISTRO-INIT] waiting server list init...

2020-11-07 09:45:20,269 INFO [DISTRO-INIT] waiting server list init...

2020-11-07 09:45:21,270 INFO [DISTRO-INIT] waiting server list init...

2020-11-07 09:45:22,271 INFO [DISTRO-INIT] waiting server list init...

2020-11-07 09:45:23,294 INFO [DISTRO-INIT] waiting server list init...

2020-11-07 09:45:24,295 INFO [DISTRO-INIT] waiting server list init...

2020-11-07 09:45:25,296 INFO [DISTRO-INIT] waiting server list init...

2020-11-07 09:45:26,297 INFO [DISTRO-INIT] waiting server list init...

2020-11-07 09:45:27,298 INFO [DISTRO-INIT] waiting server list init...

2020-11-07 09:45:28,300 INFO [DISTRO-INIT] waiting server list init...

2020-11-07 09:45:29,301 INFO [DISTRO-INIT] waiting server list init...

2020-11-07 09:45:29,310 ERROR [DISTRO-INIT] load snapshot data failed. 

java.lang.InterruptedException: sleep interrupted
	at java.lang.Thread.sleep(Native Method)
	at java.lang.Thread.sleep(Thread.java:340)
	at java.util.concurrent.TimeUnit.sleep(TimeUnit.java:386)
	at com.alibaba.nacos.core.distributed.distro.task.load.DistroLoadDataTask.load(DistroLoadDataTask.java:79)
	at com.alibaba.nacos.core.distributed.distro.task.load.DistroLoadDataTask.run(DistroLoadDataTask.java:63)
	at java.util.concurrent.Executors$RunnableAdapter.call(Executors.java:511)
	at java.util.concurrent.FutureTask.run(FutureTask.java:266)
	at java.util.concurrent.ScheduledThreadPoolExecutor$ScheduledFutureTask.access$201(ScheduledThreadPoolExecutor.java:180)
	at java.util.concurrent.ScheduledThreadPoolExecutor$ScheduledFutureTask.run(ScheduledThreadPoolExecutor.java:293)
	at java.util.concurrent.ThreadPoolExecutor.runWorker(ThreadPoolExecutor.java:1149)
	at java.util.concurrent.ThreadPoolExecutor$Worker.run(ThreadPoolExecutor.java:624)
	at java.lang.Thread.run(Thread.java:748)
2020-11-07 09:48:45,912 INFO [DISTRO-INIT] waiting server list init...

2020-11-07 09:48:46,914 INFO [DISTRO-INIT] waiting server list init...

2020-11-07 09:48:47,916 INFO [DISTRO-INIT] waiting server list init...

2020-11-07 09:48:48,917 INFO [DISTRO-INIT] waiting server list init...

2020-11-07 09:48:49,918 INFO [DISTRO-INIT] waiting server list init...

2020-11-07 09:48:50,919 INFO [DISTRO-INIT] waiting server list init...

2020-11-07 09:48:51,920 INFO [DISTRO-INIT] waiting server list init...

2020-11-07 09:48:52,921 INFO [DISTRO-INIT] waiting server list init...

2020-11-07 09:48:53,922 INFO [DISTRO-INIT] waiting server list init...

2020-11-07 09:48:54,923 INFO [DISTRO-INIT] waiting server list init...

2020-11-07 09:48:55,925 INFO [DISTRO-INIT] waiting server list init...

2020-11-07 09:48:56,925 INFO [DISTRO-INIT] waiting server list init...

2020-11-07 09:48:57,926 INFO [DISTRO-INIT] waiting server list init...

2020-11-07 09:48:58,928 INFO [DISTRO-INIT] waiting server list init...

2020-11-07 09:48:59,929 INFO [DISTRO-INIT] waiting server list init...

2020-11-07 09:49:00,945 INFO [DISTRO-INIT] waiting server list init...

2020-11-07 09:49:01,946 INFO [DISTRO-INIT] waiting server list init...

2020-11-07 09:49:02,458 ERROR [DISTRO-INIT] load snapshot data failed. 

java.lang.InterruptedException: sleep interrupted
	at java.lang.Thread.sleep(Native Method)
	at java.lang.Thread.sleep(Thread.java:340)
	at java.util.concurrent.TimeUnit.sleep(TimeUnit.java:386)
	at com.alibaba.nacos.core.distributed.distro.task.load.DistroLoadDataTask.load(DistroLoadDataTask.java:79)
	at com.alibaba.nacos.core.distributed.distro.task.load.DistroLoadDataTask.run(DistroLoadDataTask.java:63)
	at java.util.concurrent.Executors$RunnableAdapter.call(Executors.java:511)
	at java.util.concurrent.FutureTask.run(FutureTask.java:266)
	at java.util.concurrent.ScheduledThreadPoolExecutor$ScheduledFutureTask.access$201(ScheduledThreadPoolExecutor.java:180)
	at java.util.concurrent.ScheduledThreadPoolExecutor$ScheduledFutureTask.run(ScheduledThreadPoolExecutor.java:293)
	at java.util.concurrent.ThreadPoolExecutor.runWorker(ThreadPoolExecutor.java:1149)
	at java.util.concurrent.ThreadPoolExecutor$Worker.run(ThreadPoolExecutor.java:624)
	at java.lang.Thread.run(Thread.java:748)
