2020-11-07 09:45:09,430 INFO Initializes the Raft protocol, raft-config info : {}

2020-11-07 09:45:09,856 INFO ========= The raft protocol is starting... =========

2020-11-07 09:45:10,633 INFO ========= The raft protocol start finished... =========

2020-11-07 09:45:10,653 INFO create raft group : naming_persistent_service

2020-11-07 09:45:11,207 INFO This Raft event changes : RaftEvent{groupId='naming_persistent_service', leader='172.18.0.7:7848', term=1, raftClusterInfo=[172.18.0.7:7848]}

2020-11-07 09:45:12,652 INFO shutdown jraft server

2020-11-07 09:45:12,653 INFO ========= The raft protocol is starting to close =========

2020-11-07 09:45:12,732 INFO ========= The raft protocol has been closed =========

2020-11-07 09:48:44,620 INFO Initializes the Raft protocol, raft-config info : {}

2020-11-07 09:48:44,944 INFO ========= The raft protocol is starting... =========

2020-11-07 09:48:45,475 INFO ========= The raft protocol start finished... =========

2020-11-07 09:48:45,498 INFO create raft group : naming_persistent_service

2020-11-07 09:48:47,441 INFO shutdown jraft server

2020-11-07 09:48:47,442 INFO ========= The raft protocol is starting to close =========

2020-11-07 09:48:47,492 INFO ========= The raft protocol has been closed =========

2020-11-07 09:56:13,586 INFO Initializes the Raft protocol, raft-config info : {}

2020-11-07 09:56:13,892 INFO ========= The raft protocol is starting... =========

2020-11-07 09:56:14,405 INFO ========= The raft protocol start finished... =========

2020-11-07 09:56:14,427 INFO create raft group : naming_persistent_service

2020-11-07 09:56:15,119 INFO This Raft event changes : RaftEvent{groupId='naming_persistent_service', leader='172.18.0.6:7848', term=1, raftClusterInfo=[172.18.0.6:7848]}

2020-11-07 09:56:16,198 INFO shutdown jraft server

2020-11-07 09:56:16,199 INFO ========= The raft protocol is starting to close =========

2020-11-07 09:56:16,253 INFO ========= The raft protocol has been closed =========

2020-11-07 09:59:50,377 INFO Initializes the Raft protocol, raft-config info : {}

2020-11-07 09:59:50,748 INFO ========= The raft protocol is starting... =========

2020-11-07 09:59:51,230 INFO ========= The raft protocol start finished... =========

2020-11-07 09:59:51,248 INFO create raft group : naming_persistent_service

2020-11-07 09:59:52,835 INFO shutdown jraft server

2020-11-07 09:59:52,836 INFO ========= The raft protocol is starting to close =========

2020-11-07 09:59:52,890 INFO ========= The raft protocol has been closed =========

2020-11-07 10:04:30,295 INFO Initializes the Raft protocol, raft-config info : {}

2020-11-07 10:04:30,872 INFO ========= The raft protocol is starting... =========

2020-11-07 10:04:32,140 INFO ========= The raft protocol start finished... =========

2020-11-07 10:04:32,213 INFO create raft group : naming_persistent_service

2020-11-07 10:04:33,647 INFO This Raft event changes : RaftEvent{groupId='naming_persistent_service', leader='a7e14387db7f:7848', term=1, raftClusterInfo=[a7e14387db7f:7848]}

2020-11-07 10:04:36,572 INFO shutdown jraft server

2020-11-07 10:04:36,573 INFO ========= The raft protocol is starting to close =========

2020-11-07 10:04:36,644 INFO ========= The raft protocol has been closed =========

2020-11-07 10:12:17,276 INFO Initializes the Raft protocol, raft-config info : {}

2020-11-07 10:12:17,593 INFO ========= The raft protocol is starting... =========

2020-11-07 10:12:18,059 INFO ========= The raft protocol start finished... =========

2020-11-07 10:12:18,080 INFO create raft group : naming_persistent_service

2020-11-07 10:12:18,598 INFO This Raft event changes : RaftEvent{groupId='naming_persistent_service', leader='a7e14387db7f:7848', term=2, raftClusterInfo=[a7e14387db7f:7848]}

